\BOOKMARK [0][-]{chapter.1}{\376\377\000R\000E\000A\000D\000I\000N\000G\000S}{}% 1
\BOOKMARK [0][-]{chapter.2}{\376\377\000D\000\341\000n\000i\000e\000l\000\040\000T\000a\000m\000\341\000s\000\040\000V\000\341\000r\000k\000o\000n\000y\000i\000,\000\040\000J\000o\000s\000\351\000\040\000L\000u\000i\000s\000\040\000S\000e\000i\000x\000a\000s\000\040\000J\000u\000n\000i\000o\000r\000,\000\040\000T\000o\000m\000\341\001\141\000\040\000H\000o\000r\000v\000\341\000t\000h\000.}{}% 2
\BOOKMARK [1][-]{section.2.1}{\376\377\000I\000n\000t\000r\000o\000d\000u\000c\000t\000i\000o\000n}{chapter.2}% 3
\BOOKMARK [1][-]{section.2.2}{\376\377\000B\000e\000e\000h\000i\000v\000e\000\040\000S\000o\000u\000n\000d\000\040\000A\000n\000a\000l\000y\000t\000i\000c\000s}{chapter.2}% 4
\BOOKMARK [2][-]{subsection.2.2.1}{\376\377\000A\000u\000d\000i\000o\000\040\000f\000e\000a\000t\000u\000r\000e\000\040\000e\000x\000t\000r\000a\000c\000t\000i\000o\000n\000\040\000\050\000F\000E\000\051}{section.2.2}% 5
\BOOKMARK [2][-]{subsection.2.2.2}{\376\377\000M\000u\000l\000t\000i\000-\000l\000a\000b\000e\000l\000\040\000a\000u\000d\000i\000o\000\040\000d\000a\000t\000a\000\040\000c\000l\000a\000s\000s\000i\000f\000i\000c\000a\000t\000i\000o\000n\000\040\000u\000s\000i\000n\000g\000\040\000m\000a\000c\000h\000i\000n\000e\000\040\000l\000e\000a\000r\000n\000i\000n\000g\000\040\000\050\000M\000L\000\051}{section.2.2}% 6
\BOOKMARK [0][-]{chapter.3}{\376\377\000A\000l\000e\000s\000s\000a\000n\000d\000r\000o\000\040\000T\000e\000r\000e\000n\000z\000i\000,\000\040\000S\000t\000e\000f\000a\000n\000i\000a\000\040\000C\000e\000c\000c\000h\000i\000,\000\040\000a\000n\000d\000\040\000S\000u\000s\000a\000n\000n\000a\000\040\000S\000p\000i\000n\000s\000a\000n\000t\000e}{}% 7
\BOOKMARK [1][-]{section.3.1}{\376\377\000I\000n\000t\000r\000o\000d\000u\000c\000t\000i\000o\000n}{chapter.3}% 8
\BOOKMARK [1][-]{section.3.2}{\376\377\000L\000i\000t\000e\000r\000a\000t\000u\000r\000e\000\040\000R\000e\000v\000i\000e\000w}{chapter.3}% 9
\BOOKMARK [2][-]{subsection.3.2.1}{\376\377\000T\000h\000e\000\040\0002\0001\000s\000t\000\040\000C\000e\000n\000t\000u\000r\000y\000\040\000a\000n\000d\000\040\000t\000h\000e\000\040\000T\000e\000c\000h\000n\000o\000l\000o\000g\000i\000c\000a\000l\000\040\000A\000d\000v\000a\000n\000c\000e\000m\000e\000n\000t}{section.3.2}% 10
\BOOKMARK [0][-]{chapter.4}{\376\377\000A\000l\000e\000k\000s\000a\000n\000d\000r\000a\000\040\000Z\000l\000a\000t\000k\000o\000v\000a\000,\000\040\000Z\000i\000v\000k\000o\000\040\000K\000o\000k\000o\000l\000a\000n\000s\000k\000i\000\040\000a\000n\000d\000\040\000D\000i\000m\000i\000t\000a\000r\000\040\000T\000a\000s\000h\000k\000o\000v\000s\000k\000i}{}% 11
\BOOKMARK [1][-]{section.4.1}{\376\377\000I\000n\000t\000r\000o\000d\000u\000c\000t\000i\000o\000n}{chapter.4}% 12
\BOOKMARK [1][-]{section.4.2}{\376\377\000M\000e\000t\000h\000o\000d}{chapter.4}% 13
\BOOKMARK [0][-]{chapter.5}{\376\377\000S\000t\000e\000f\000a\000n\000i\000a\000\040\000C\000e\000c\000c\000h\000i\000,\000\040\000S\000u\000s\000a\000n\000n\000a\000\040\000S\000p\000i\000n\000s\000a\000n\000t\000e\000,\000\040\000A\000l\000e\000s\000s\000a\000n\000d\000r\000o\000\040\000T\000e\000r\000e\000n\000z\000i\000\040\000a\000n\000d\000\040\000S\000i\000m\000o\000n\000e\000\040\000O\000r\000c\000i\000o\000n\000i}{}% 14
\BOOKMARK [1][-]{section.5.1}{\376\377\000I\000n\000t\000r\000o\000d\000u\000c\000t\000i\000o\000n}{chapter.5}% 15
\BOOKMARK [1][-]{section.5.2}{\376\377\000S\000t\000a\000t\000e\000\040\000o\000f\000\040\000A\000r\000t\000\040\000o\000f\000\040\000M\000e\000a\000s\000u\000r\000e\000m\000e\000n\000t\000\040\000S\000y\000s\000t\000e\000m\000s\000\040\000f\000o\000r\000\040\000B\000e\000e\000h\000i\000v\000e\000s}{chapter.5}% 16
\BOOKMARK [2][-]{subsection.5.2.1}{\376\377\000S\000o\000u\000n\000d\000\040\000m\000e\000a\000s\000u\000r\000e\000m\000e\000n\000t}{section.5.2}% 17
\BOOKMARK [0][-]{chapter.6}{\376\377\000G\000o\000r\000d\000o\000n\000\040\000H\000u\000n\000t\000e\000r\000,\000\040\000D\000o\000n\000a\000l\000d\000\040\000H\000o\000w\000a\000r\000d\000,\000\040\000S\000y\000l\000v\000a\000i\000n\000\040\000G\000a\000u\000v\000r\000e\000a\000u\000,\000\040\000O\000l\000g\000a\000\040\000D\000u\000r\000a\000n\000,\000\040\000R\000o\000s\000a\000\040\000B\000u\000s\000q\000u\000e\000t\000s}{}% 18
\BOOKMARK [1][-]{section.6.1}{\376\377\000I\000n\000t\000r\000o\000d\000u\000c\000t\000i\000o\000n}{chapter.6}% 19
\BOOKMARK [0][-]{chapter.7}{\376\377\000M\000E\000T\000O\000D\000O\000L\000O\000G\000\315\000A}{}% 20
\BOOKMARK [0][-]{chapter.8}{\376\377\000P\000L\000A\000N\000\040\000D\000E\000\040\000T\000R\000A\000B\000A\000J\000O}{}% 21
\BOOKMARK [0][-]{chapter.9}{\376\377\000L\000U\000G\000A\000R\000\040\000D\000E\000\040\000D\000E\000S\000A\000R\000R\000O\000L\000L\000O}{}% 22
\BOOKMARK [0][-]{chapter.9}{\376\377\000B\000I\000B\000L\000I\000O\000G\000R\000A\000P\000H\000Y}{}% 23
